<?xml version="1.0" encoding="UTF-8"?>
<!-- Generated by org.testng.reporters.JUnitXMLReporter -->
<testsuite ignored="0" hostname="DESKTOP-ACN7QFI" failures="0" tests="4" name="Default test" time="1.091" errors="0" timestamp="2022-01-28T17:53:42 IST">
  <testcase classname="testscript1.SwagLabsFilter" name="dropdownAtoZ" time="0.424"/>
  <testcase classname="testscript1.SwagLabsFilter" name="dropdownZtoA" time="0.242"/>
  <testcase classname="testscript1.SwagLabsFilter" name="pricelowtohigh" time="0.22"/>
  <testcase classname="testscript1.SwagLabsFilter" name="pricehightolow" time="0.171"/>
</testsuite> <!-- Default test -->
