<?xml version="1.0" encoding="UTF-8"?>
<testng-results ignored="0" total="4" passed="4" failed="0" skipped="0">
  <reporter-output>
  </reporter-output>
  <suite started-at="2022-01-28T17:53:41 IST" name="Default suite" finished-at="2022-01-28T17:53:42 IST" duration-ms="1091">
    <groups>
    </groups>
    <test started-at="2022-01-28T17:53:41 IST" name="Default test" finished-at="2022-01-28T17:53:42 IST" duration-ms="1091">
      <class name="testscript1.SwagLabsFilter">
        <test-method is-config="true" signature="browserInitialization()[pri:0, instance:testscript1.SwagLabsFilter@1cbb87f3]" started-at="2022-01-28T17:53:31 IST" name="browserInitialization" finished-at="2022-01-28T17:53:41 IST" duration-ms="9918" status="PASS">
          <reporter-output>
          </reporter-output>
        </test-method> <!-- browserInitialization -->
        <test-method signature="dropdownAtoZ()[pri:1, instance:testscript1.SwagLabsFilter@1cbb87f3]" started-at="2022-01-28T17:53:41 IST" name="dropdownAtoZ" finished-at="2022-01-28T17:53:42 IST" duration-ms="424" status="PASS">
          <reporter-output>
          </reporter-output>
        </test-method> <!-- dropdownAtoZ -->
        <test-method signature="dropdownZtoA()[pri:2, instance:testscript1.SwagLabsFilter@1cbb87f3]" started-at="2022-01-28T17:53:42 IST" name="dropdownZtoA" finished-at="2022-01-28T17:53:42 IST" duration-ms="242" status="PASS">
          <reporter-output>
          </reporter-output>
        </test-method> <!-- dropdownZtoA -->
        <test-method signature="pricelowtohigh()[pri:3, instance:testscript1.SwagLabsFilter@1cbb87f3]" started-at="2022-01-28T17:53:42 IST" name="pricelowtohigh" finished-at="2022-01-28T17:53:42 IST" duration-ms="220" status="PASS">
          <reporter-output>
          </reporter-output>
        </test-method> <!-- pricelowtohigh -->
        <test-method signature="pricehightolow()[pri:4, instance:testscript1.SwagLabsFilter@1cbb87f3]" started-at="2022-01-28T17:53:42 IST" name="pricehightolow" finished-at="2022-01-28T17:53:42 IST" duration-ms="171" status="PASS">
          <reporter-output>
          </reporter-output>
        </test-method> <!-- pricehightolow -->
      </class> <!-- testscript1.SwagLabsFilter -->
    </test> <!-- Default test -->
  </suite> <!-- Default suite -->
</testng-results>
